Determining if the pthread_create exist failed with the following output:
Change Dir: /home/leco/catkin_ws/build/CMakeFiles/CMakeTmp

Run Build Command:/usr/bin/make "cmTryCompileExec3271808986/fast"
/usr/bin/make -f CMakeFiles/cmTryCompileExec3271808986.dir/build.make CMakeFiles/cmTryCompileExec3271808986.dir/build
make[1]: Entrando no diretório `/home/leco/catkin_ws/build/CMakeFiles/CMakeTmp'
/usr/bin/cmake -E cmake_progress_report /home/leco/catkin_ws/build/CMakeFiles/CMakeTmp/CMakeFiles 1
Building C object CMakeFiles/cmTryCompileExec3271808986.dir/CheckSymbolExists.c.o
/usr/bin/cc    -o CMakeFiles/cmTryCompileExec3271808986.dir/CheckSymbolExists.c.o   -c /home/leco/catkin_ws/build/CMakeFiles/CMakeTmp/CheckSymbolExists.c
Linking C executable cmTryCompileExec3271808986
/usr/bin/cmake -E cmake_link_script CMakeFiles/cmTryCompileExec3271808986.dir/link.txt --verbose=1
/usr/bin/cc       CMakeFiles/cmTryCompileExec3271808986.dir/CheckSymbolExists.c.o  -o cmTryCompileExec3271808986 -rdynamic 
CMakeFiles/cmTryCompileExec3271808986.dir/CheckSymbolExists.c.o: na função `main':
CheckSymbolExists.c:(.text+0x16): referência indefinida para `pthread_create'
collect2: error: ld returned 1 exit status
make[1]: ** [cmTryCompileExec3271808986] Erro 1
make[1]: Saindo do diretório `/home/leco/catkin_ws/build/CMakeFiles/CMakeTmp'
make: ** [cmTryCompileExec3271808986/fast] Erro 2

File /home/leco/catkin_ws/build/CMakeFiles/CMakeTmp/CheckSymbolExists.c:
/* */
#include <pthread.h>

int main(int argc, char** argv)
{
  (void)argv;
#ifndef pthread_create
  return ((int*)(&pthread_create))[argc];
#else
  (void)argc;
  return 0;
#endif
}

Determining if the function pthread_create exists in the pthreads failed with the following output:
Change Dir: /home/leco/catkin_ws/build/CMakeFiles/CMakeTmp

Run Build Command:/usr/bin/make "cmTryCompileExec2087024736/fast"
/usr/bin/make -f CMakeFiles/cmTryCompileExec2087024736.dir/build.make CMakeFiles/cmTryCompileExec2087024736.dir/build
make[1]: Entrando no diretório `/home/leco/catkin_ws/build/CMakeFiles/CMakeTmp'
/usr/bin/cmake -E cmake_progress_report /home/leco/catkin_ws/build/CMakeFiles/CMakeTmp/CMakeFiles 1
Building C object CMakeFiles/cmTryCompileExec2087024736.dir/CheckFunctionExists.c.o
/usr/bin/cc   -DCHECK_FUNCTION_EXISTS=pthread_create   -o CMakeFiles/cmTryCompileExec2087024736.dir/CheckFunctionExists.c.o   -c /usr/share/cmake-2.8/Modules/CheckFunctionExists.c
Linking C executable cmTryCompileExec2087024736
/usr/bin/cmake -E cmake_link_script CMakeFiles/cmTryCompileExec2087024736.dir/link.txt --verbose=1
/usr/bin/cc   -DCHECK_FUNCTION_EXISTS=pthread_create    CMakeFiles/cmTryCompileExec2087024736.dir/CheckFunctionExists.c.o  -o cmTryCompileExec2087024736 -rdynamic -lpthreads 
/usr/bin/ld: não foi possível encontrar -lpthreads
collect2: error: ld returned 1 exit status
make[1]: ** [cmTryCompileExec2087024736] Erro 1
make[1]: Saindo do diretório `/home/leco/catkin_ws/build/CMakeFiles/CMakeTmp'
make: ** [cmTryCompileExec2087024736/fast] Erro 2


